<?xml version="1.0" encoding="UTF-8"?>
<testng-results skipped="0" failed="0" total="3" passed="3">
  <reporter-output>
  </reporter-output>
  <suite name="Default suite" duration-ms="65" started-at="2012-07-04T14:32:59Z" finished-at="2012-07-04T14:32:59Z">
    <groups>
      <group name="unit">
        <method signature="LogTest.testEventConverting()[pri:0, instance:org.apache.ace.log.listener.LogTest@106caf16]" name="testEventConverting" class="org.apache.ace.log.listener.LogTest"/>
        <method signature="LogTest.testLogCacheFlush()[pri:0, instance:org.apache.ace.log.listener.LogTest@106caf16]" name="testLogCacheFlush" class="org.apache.ace.log.listener.LogTest"/>
        <method signature="LogTest.testUnsettingLog()[pri:0, instance:org.apache.ace.log.listener.LogTest@106caf16]" name="testUnsettingLog" class="org.apache.ace.log.listener.LogTest"/>
      </group> <!-- unit -->
    </groups>
    <test name="Default test" duration-ms="65" started-at="2012-07-04T14:32:59Z" finished-at="2012-07-04T14:32:59Z">
      <class name="org.apache.ace.log.listener.LogTest">
        <test-method status="PASS" signature="setUp()[pri:0, instance:org.apache.ace.log.listener.LogTest@106caf16]" name="setUp" is-config="true" duration-ms="18" started-at="2012-07-04T14:32:59Z" finished-at="2012-07-04T14:32:59Z">
        </test-method> <!-- setUp -->
        <test-method status="PASS" signature="testEventConverting()[pri:0, instance:org.apache.ace.log.listener.LogTest@106caf16]" name="testEventConverting" duration-ms="27" started-at="2012-07-04T14:32:59Z" finished-at="2012-07-04T14:32:59Z">
        </test-method> <!-- testEventConverting -->
        <test-method status="PASS" signature="setUp()[pri:0, instance:org.apache.ace.log.listener.LogTest@106caf16]" name="setUp" is-config="true" duration-ms="0" started-at="2012-07-04T14:32:59Z" finished-at="2012-07-04T14:32:59Z">
        </test-method> <!-- setUp -->
        <test-method status="PASS" signature="testLogCacheFlush()[pri:0, instance:org.apache.ace.log.listener.LogTest@106caf16]" name="testLogCacheFlush" duration-ms="1" started-at="2012-07-04T14:32:59Z" finished-at="2012-07-04T14:32:59Z">
        </test-method> <!-- testLogCacheFlush -->
        <test-method status="PASS" signature="setUp()[pri:0, instance:org.apache.ace.log.listener.LogTest@106caf16]" name="setUp" is-config="true" duration-ms="1" started-at="2012-07-04T14:32:59Z" finished-at="2012-07-04T14:32:59Z">
        </test-method> <!-- setUp -->
        <test-method status="PASS" signature="testUnsettingLog()[pri:0, instance:org.apache.ace.log.listener.LogTest@106caf16]" name="testUnsettingLog" duration-ms="0" started-at="2012-07-04T14:32:59Z" finished-at="2012-07-04T14:32:59Z">
        </test-method> <!-- testUnsettingLog -->
      </class> <!-- org.apache.ace.log.listener.LogTest -->
    </test> <!-- Default test -->
  </suite> <!-- Default suite -->
</testng-results>
