<?xml version="1.0" encoding="UTF-8"?>
<testng-results skipped="0" failed="0" total="2" passed="2">
  <reporter-output>
  </reporter-output>
  <suite name="Default suite" duration-ms="31" started-at="2012-07-04T14:16:46Z" finished-at="2012-07-04T14:16:46Z">
    <groups>
      <group name="unit">
        <method signature="PropertyBasedDiscoveryTest.discoverWithPropertyUpdate()[pri:0, instance:org.apache.ace.discovery.property.PropertyBasedDiscoveryTest@44050988]" name="discoverWithPropertyUpdate" class="org.apache.ace.discovery.property.PropertyBasedDiscoveryTest"/>
        <method signature="PropertyBasedDiscoveryTest.discoverWithoutPropertyUpdate()[pri:0, instance:org.apache.ace.discovery.property.PropertyBasedDiscoveryTest@44050988]" name="discoverWithoutPropertyUpdate" class="org.apache.ace.discovery.property.PropertyBasedDiscoveryTest"/>
      </group> <!-- unit -->
    </groups>
    <test name="Default test" duration-ms="31" started-at="2012-07-04T14:16:46Z" finished-at="2012-07-04T14:16:46Z">
      <class name="org.apache.ace.discovery.property.PropertyBasedDiscoveryTest">
        <test-method status="PASS" signature="discoverWithPropertyUpdate()[pri:0, instance:org.apache.ace.discovery.property.PropertyBasedDiscoveryTest@44050988]" name="discoverWithPropertyUpdate" duration-ms="14" started-at="2012-07-04T14:16:46Z" finished-at="2012-07-04T14:16:46Z">
        </test-method> <!-- discoverWithPropertyUpdate -->
        <test-method status="PASS" signature="discoverWithoutPropertyUpdate()[pri:0, instance:org.apache.ace.discovery.property.PropertyBasedDiscoveryTest@44050988]" name="discoverWithoutPropertyUpdate" duration-ms="1" started-at="2012-07-04T14:16:46Z" finished-at="2012-07-04T14:16:46Z">
        </test-method> <!-- discoverWithoutPropertyUpdate -->
      </class> <!-- org.apache.ace.discovery.property.PropertyBasedDiscoveryTest -->
    </test> <!-- Default test -->
  </suite> <!-- Default suite -->
</testng-results>
