<?xml version="1.0" encoding="UTF-8"?>
<testng-results skipped="0" failed="0" total="4" passed="4">
  <reporter-output>
  </reporter-output>
  <suite name="Ant suite" duration-ms="130" started-at="2012-07-03T19:33:47Z" finished-at="2012-07-03T19:33:47Z">
    <groups>
      <group name="unit">
        <method signature="PropertyBasedIdentificationTest.getIdOverwrite()[pri:0, instance:org.apache.ace.identification.property.PropertyBasedIdentificationTest@23d256fa]" name="getIdOverwrite" class="org.apache.ace.identification.property.PropertyBasedIdentificationTest"/>
        <method signature="PropertyBasedIdentificationTest.getIdWithUpdate()[pri:0, instance:org.apache.ace.identification.property.PropertyBasedIdentificationTest@23d256fa]" name="getIdWithUpdate" class="org.apache.ace.identification.property.PropertyBasedIdentificationTest"/>
        <method signature="PropertyBasedIdentificationTest.getIdWithoutUpdate()[pri:0, instance:org.apache.ace.identification.property.PropertyBasedIdentificationTest@23d256fa]" name="getIdWithoutUpdate" class="org.apache.ace.identification.property.PropertyBasedIdentificationTest"/>
        <method signature="SimpleIdentificationTest.testSimpleIdentification()[pri:0, instance:org.apache.ace.identification.property.SimpleIdentificationTest@1f4384c2]" name="testSimpleIdentification" class="org.apache.ace.identification.property.SimpleIdentificationTest"/>
      </group> <!-- unit -->
    </groups>
    <test name="Ant test" duration-ms="130" started-at="2012-07-03T19:33:47Z" finished-at="2012-07-03T19:33:47Z">
      <class name="org.apache.ace.identification.property.SimpleIdentificationTest">
        <test-method status="PASS" signature="setUp()[pri:0, instance:org.apache.ace.identification.property.SimpleIdentificationTest@1f4384c2]" name="setUp" is-config="true" duration-ms="12" started-at="2012-07-03T19:33:47Z" finished-at="2012-07-03T19:33:47Z">
        </test-method> <!-- setUp -->
        <test-method status="PASS" signature="testSimpleIdentification()[pri:0, instance:org.apache.ace.identification.property.SimpleIdentificationTest@1f4384c2]" name="testSimpleIdentification" duration-ms="0" started-at="2012-07-03T19:33:47Z" finished-at="2012-07-03T19:33:47Z">
        </test-method> <!-- testSimpleIdentification -->
      </class> <!-- org.apache.ace.identification.property.SimpleIdentificationTest -->
      <class name="org.apache.ace.identification.property.PropertyBasedIdentificationTest">
        <test-method status="PASS" signature="getIdOverwrite()[pri:0, instance:org.apache.ace.identification.property.PropertyBasedIdentificationTest@23d256fa]" name="getIdOverwrite" duration-ms="105" started-at="2012-07-03T19:33:47Z" finished-at="2012-07-03T19:33:47Z">
        </test-method> <!-- getIdOverwrite -->
        <test-method status="PASS" signature="getIdWithUpdate()[pri:0, instance:org.apache.ace.identification.property.PropertyBasedIdentificationTest@23d256fa]" name="getIdWithUpdate" duration-ms="0" started-at="2012-07-03T19:33:47Z" finished-at="2012-07-03T19:33:47Z">
        </test-method> <!-- getIdWithUpdate -->
        <test-method status="PASS" signature="getIdWithoutUpdate()[pri:0, instance:org.apache.ace.identification.property.PropertyBasedIdentificationTest@23d256fa]" name="getIdWithoutUpdate" duration-ms="0" started-at="2012-07-03T19:33:47Z" finished-at="2012-07-03T19:33:47Z">
        </test-method> <!-- getIdWithoutUpdate -->
      </class> <!-- org.apache.ace.identification.property.PropertyBasedIdentificationTest -->
    </test> <!-- Ant test -->
  </suite> <!-- Ant suite -->
</testng-results>
