<?xml version="1.0" encoding="UTF-8"?>
<testng-results skipped="0" failed="0" total="30" passed="30">
  <reporter-output>
  </reporter-output>
  <suite name="Default suite" duration-ms="1968" started-at="2012-07-04T13:30:20Z" finished-at="2012-07-04T13:30:22Z">
    <groups>
      <group name="unit">
        <method signature="BaseRepositoryHandlerTest.testGatherArtifactsOfMultipleVersionTargetWithInvalidVersionOk()[pri:0, instance:org.apache.ace.deployment.provider.repositorybased.BaseRepositoryHandlerTest@48067064]" name="testGatherArtifactsOfMultipleVersionTargetWithInvalidVersionOk" class="org.apache.ace.deployment.provider.repositorybased.BaseRepositoryHandlerTest"/>
        <method signature="BaseRepositoryHandlerTest.testGatherMultipleArtifactsOfMultipleVersionTargetOk()[pri:0, instance:org.apache.ace.deployment.provider.repositorybased.BaseRepositoryHandlerTest@48067064]" name="testGatherMultipleArtifactsOfMultipleVersionTargetOk" class="org.apache.ace.deployment.provider.repositorybased.BaseRepositoryHandlerTest"/>
        <method signature="BaseRepositoryHandlerTest.testGatherMultipleVersionOk()[pri:0, instance:org.apache.ace.deployment.provider.repositorybased.BaseRepositoryHandlerTest@48067064]" name="testGatherMultipleVersionOk" class="org.apache.ace.deployment.provider.repositorybased.BaseRepositoryHandlerTest"/>
        <method signature="BaseRepositoryHandlerTest.testGatherNonExistingArtifactsOfMultipleVersionTargetOk()[pri:0, instance:org.apache.ace.deployment.provider.repositorybased.BaseRepositoryHandlerTest@48067064]" name="testGatherNonExistingArtifactsOfMultipleVersionTargetOk" class="org.apache.ace.deployment.provider.repositorybased.BaseRepositoryHandlerTest"/>
        <method signature="BaseRepositoryHandlerTest.testGatherSingleArtifactOk()[pri:0, instance:org.apache.ace.deployment.provider.repositorybased.BaseRepositoryHandlerTest@48067064]" name="testGatherSingleArtifactOk" class="org.apache.ace.deployment.provider.repositorybased.BaseRepositoryHandlerTest"/>
        <method signature="BaseRepositoryHandlerTest.testGatherSingleArtifactsOfMultipleVersionTargetOk()[pri:0, instance:org.apache.ace.deployment.provider.repositorybased.BaseRepositoryHandlerTest@48067064]" name="testGatherSingleArtifactsOfMultipleVersionTargetOk" class="org.apache.ace.deployment.provider.repositorybased.BaseRepositoryHandlerTest"/>
        <method signature="BaseRepositoryHandlerTest.testGatherSingleVersionOk()[pri:0, instance:org.apache.ace.deployment.provider.repositorybased.BaseRepositoryHandlerTest@48067064]" name="testGatherSingleVersionOk" class="org.apache.ace.deployment.provider.repositorybased.BaseRepositoryHandlerTest"/>
        <method signature="CacheTest.testFillCacheToLimitAndCheckIfEverythingFits()[pri:0, instance:org.apache.ace.deployment.provider.repositorybased.CacheTest@4979935d]" name="testFillCacheToLimitAndCheckIfEverythingFits" class="org.apache.ace.deployment.provider.repositorybased.CacheTest"/>
        <method signature="CacheTest.testOverflowCacheAndValidateOldestElementDisappears()[pri:0, instance:org.apache.ace.deployment.provider.repositorybased.CacheTest@4979935d]" name="testOverflowCacheAndValidateOldestElementDisappears" class="org.apache.ace.deployment.provider.repositorybased.CacheTest"/>
        <method signature="RepositoryBasedProviderTest.testAddedBundleMultipleVersions()[pri:0, instance:org.apache.ace.deployment.provider.repositorybased.RepositoryBasedProviderTest@9d7fbfb]" name="testAddedBundleMultipleVersions" class="org.apache.ace.deployment.provider.repositorybased.RepositoryBasedProviderTest"/>
        <method signature="RepositoryBasedProviderTest.testArtifactDataManifestGeneration()[pri:0, instance:org.apache.ace.deployment.provider.repositorybased.RepositoryBasedProviderTest@9d7fbfb]" name="testArtifactDataManifestGeneration" class="org.apache.ace.deployment.provider.repositorybased.RepositoryBasedProviderTest"/>
        <method signature="RepositoryBasedProviderTest.testBundleDataWithResources()[pri:0, instance:org.apache.ace.deployment.provider.repositorybased.RepositoryBasedProviderTest@9d7fbfb]" name="testBundleDataWithResources" class="org.apache.ace.deployment.provider.repositorybased.RepositoryBasedProviderTest"/>
        <method signature="RepositoryBasedProviderTest.testEmptyDeploymentVersion()[pri:0, instance:org.apache.ace.deployment.provider.repositorybased.RepositoryBasedProviderTest@9d7fbfb]" name="testEmptyDeploymentVersion" class="org.apache.ace.deployment.provider.repositorybased.RepositoryBasedProviderTest"/>
        <method signature="RepositoryBasedProviderTest.testEmptyRepository()[pri:0, instance:org.apache.ace.deployment.provider.repositorybased.RepositoryBasedProviderTest@9d7fbfb]" name="testEmptyRepository" class="org.apache.ace.deployment.provider.repositorybased.RepositoryBasedProviderTest"/>
        <method signature="RepositoryBasedProviderTest.testGetLiteralTargetIllegalVersion()[pri:0, instance:org.apache.ace.deployment.provider.repositorybased.RepositoryBasedProviderTest@9d7fbfb]" name="testGetLiteralTargetIllegalVersion" class="org.apache.ace.deployment.provider.repositorybased.RepositoryBasedProviderTest"/>
        <method signature="RepositoryBasedProviderTest.testGetLiteralTargetVersion()[pri:0, instance:org.apache.ace.deployment.provider.repositorybased.RepositoryBasedProviderTest@9d7fbfb]" name="testGetLiteralTargetVersion" class="org.apache.ace.deployment.provider.repositorybased.RepositoryBasedProviderTest"/>
        <method signature="RepositoryBasedProviderTest.testGetVersion()[pri:0, instance:org.apache.ace.deployment.provider.repositorybased.RepositoryBasedProviderTest@9d7fbfb]" name="testGetVersion" class="org.apache.ace.deployment.provider.repositorybased.RepositoryBasedProviderTest"/>
        <method signature="RepositoryBasedProviderTest.testIllegalVersion()[pri:0, instance:org.apache.ace.deployment.provider.repositorybased.RepositoryBasedProviderTest@9d7fbfb]" name="testIllegalVersion" class="org.apache.ace.deployment.provider.repositorybased.RepositoryBasedProviderTest"/>
        <method signature="RepositoryBasedProviderTest.testInvalidTargetBundleData()[pri:0, instance:org.apache.ace.deployment.provider.repositorybased.RepositoryBasedProviderTest@9d7fbfb]" name="testInvalidTargetBundleData" class="org.apache.ace.deployment.provider.repositorybased.RepositoryBasedProviderTest"/>
        <method signature="RepositoryBasedProviderTest.testInvalidVersionBundleData()[pri:0, instance:org.apache.ace.deployment.provider.repositorybased.RepositoryBasedProviderTest@9d7fbfb]" name="testInvalidVersionBundleData" class="org.apache.ace.deployment.provider.repositorybased.RepositoryBasedProviderTest"/>
        <method signature="RepositoryBasedProviderTest.testMultipleBundleSingleVersionBundleData()[pri:0, instance:org.apache.ace.deployment.provider.repositorybased.RepositoryBasedProviderTest@9d7fbfb]" name="testMultipleBundleSingleVersionBundleData" class="org.apache.ace.deployment.provider.repositorybased.RepositoryBasedProviderTest"/>
        <method signature="RepositoryBasedProviderTest.testMultipleBundlesMultipleVersions()[pri:0, instance:org.apache.ace.deployment.provider.repositorybased.RepositoryBasedProviderTest@9d7fbfb]" name="testMultipleBundlesMultipleVersions" class="org.apache.ace.deployment.provider.repositorybased.RepositoryBasedProviderTest"/>
        <method signature="RepositoryBasedProviderTest.testMultipleChangedBundlesMultipleVersions()[pri:0, instance:org.apache.ace.deployment.provider.repositorybased.RepositoryBasedProviderTest@9d7fbfb]" name="testMultipleChangedBundlesMultipleVersions" class="org.apache.ace.deployment.provider.repositorybased.RepositoryBasedProviderTest"/>
        <method signature="RepositoryBasedProviderTest.testMultipleVersions()[pri:0, instance:org.apache.ace.deployment.provider.repositorybased.RepositoryBasedProviderTest@9d7fbfb]" name="testMultipleVersions" class="org.apache.ace.deployment.provider.repositorybased.RepositoryBasedProviderTest"/>
        <method signature="RepositoryBasedProviderTest.testRemovedBundleMultipleVersions()[pri:0, instance:org.apache.ace.deployment.provider.repositorybased.RepositoryBasedProviderTest@9d7fbfb]" name="testRemovedBundleMultipleVersions" class="org.apache.ace.deployment.provider.repositorybased.RepositoryBasedProviderTest"/>
        <method signature="RepositoryBasedProviderTest.testSingleBundleSingleVersionBundleData()[pri:0, instance:org.apache.ace.deployment.provider.repositorybased.RepositoryBasedProviderTest@9d7fbfb]" name="testSingleBundleSingleVersionBundleData" class="org.apache.ace.deployment.provider.repositorybased.RepositoryBasedProviderTest"/>
        <method signature="RepositoryBasedProviderTest.testSingleChangedBundleMultipleVersions()[pri:0, instance:org.apache.ace.deployment.provider.repositorybased.RepositoryBasedProviderTest@9d7fbfb]" name="testSingleChangedBundleMultipleVersions" class="org.apache.ace.deployment.provider.repositorybased.RepositoryBasedProviderTest"/>
        <method signature="RepositoryBasedProviderTest.testSingleUnchangedBundleMultipleVersions()[pri:0, instance:org.apache.ace.deployment.provider.repositorybased.RepositoryBasedProviderTest@9d7fbfb]" name="testSingleUnchangedBundleMultipleVersions" class="org.apache.ace.deployment.provider.repositorybased.RepositoryBasedProviderTest"/>
      </group> <!-- unit -->
      <group name="performance">
        <method signature="RepositoryBasedProviderPerformanceTest.testSingleBundleMultipleVersionBundleDataFromHugeXml()[pri:0, instance:org.apache.ace.deployment.provider.repositorybased.RepositoryBasedProviderPerformanceTest@6f9bb25a]" name="testSingleBundleMultipleVersionBundleDataFromHugeXml" class="org.apache.ace.deployment.provider.repositorybased.RepositoryBasedProviderPerformanceTest"/>
        <method signature="RepositoryBasedProviderPerformanceTest.testSingleBundleSingleVersionBundleDataFromHugeXml()[pri:0, instance:org.apache.ace.deployment.provider.repositorybased.RepositoryBasedProviderPerformanceTest@6f9bb25a]" name="testSingleBundleSingleVersionBundleDataFromHugeXml" class="org.apache.ace.deployment.provider.repositorybased.RepositoryBasedProviderPerformanceTest"/>
      </group> <!-- performance -->
    </groups>
    <test name="Default test" duration-ms="1968" started-at="2012-07-04T13:30:20Z" finished-at="2012-07-04T13:30:22Z">
      <class name="org.apache.ace.deployment.provider.repositorybased.RepositoryBasedProviderPerformanceTest">
        <test-method status="PASS" signature="setUp()[pri:0, instance:org.apache.ace.deployment.provider.repositorybased.RepositoryBasedProviderPerformanceTest@6f9bb25a]" name="setUp" is-config="true" duration-ms="277" started-at="2012-07-04T13:30:20Z" finished-at="2012-07-04T13:30:20Z">
        </test-method> <!-- setUp -->
        <test-method status="PASS" signature="testSingleBundleMultipleVersionBundleDataFromHugeXml()[pri:0, instance:org.apache.ace.deployment.provider.repositorybased.RepositoryBasedProviderPerformanceTest@6f9bb25a]" name="testSingleBundleMultipleVersionBundleDataFromHugeXml" duration-ms="703" started-at="2012-07-04T13:30:20Z" finished-at="2012-07-04T13:30:21Z">
        </test-method> <!-- testSingleBundleMultipleVersionBundleDataFromHugeXml -->
        <test-method status="PASS" signature="setUp()[pri:0, instance:org.apache.ace.deployment.provider.repositorybased.RepositoryBasedProviderPerformanceTest@6f9bb25a]" name="setUp" is-config="true" duration-ms="155" started-at="2012-07-04T13:30:21Z" finished-at="2012-07-04T13:30:21Z">
        </test-method> <!-- setUp -->
        <test-method status="PASS" signature="testSingleBundleSingleVersionBundleDataFromHugeXml()[pri:0, instance:org.apache.ace.deployment.provider.repositorybased.RepositoryBasedProviderPerformanceTest@6f9bb25a]" name="testSingleBundleSingleVersionBundleDataFromHugeXml" duration-ms="209" started-at="2012-07-04T13:30:21Z" finished-at="2012-07-04T13:30:22Z">
        </test-method> <!-- testSingleBundleSingleVersionBundleDataFromHugeXml -->
      </class> <!-- org.apache.ace.deployment.provider.repositorybased.RepositoryBasedProviderPerformanceTest -->
      <class name="org.apache.ace.deployment.provider.repositorybased.RepositoryBasedProviderTest">
        <test-method status="PASS" signature="setUp()[pri:0, instance:org.apache.ace.deployment.provider.repositorybased.RepositoryBasedProviderTest@9d7fbfb]" name="setUp" is-config="true" duration-ms="39" started-at="2012-07-04T13:30:20Z" finished-at="2012-07-04T13:30:20Z">
        </test-method> <!-- setUp -->
        <test-method status="PASS" signature="testAddedBundleMultipleVersions()[pri:0, instance:org.apache.ace.deployment.provider.repositorybased.RepositoryBasedProviderTest@9d7fbfb]" name="testAddedBundleMultipleVersions" duration-ms="7" started-at="2012-07-04T13:30:20Z" finished-at="2012-07-04T13:30:20Z">
        </test-method> <!-- testAddedBundleMultipleVersions -->
        <test-method status="PASS" signature="setUp()[pri:0, instance:org.apache.ace.deployment.provider.repositorybased.RepositoryBasedProviderTest@9d7fbfb]" name="setUp" is-config="true" duration-ms="14" started-at="2012-07-04T13:30:20Z" finished-at="2012-07-04T13:30:20Z">
        </test-method> <!-- setUp -->
        <test-method status="PASS" signature="testArtifactDataManifestGeneration()[pri:0, instance:org.apache.ace.deployment.provider.repositorybased.RepositoryBasedProviderTest@9d7fbfb]" name="testArtifactDataManifestGeneration" duration-ms="1" started-at="2012-07-04T13:30:20Z" finished-at="2012-07-04T13:30:20Z">
        </test-method> <!-- testArtifactDataManifestGeneration -->
        <test-method status="PASS" signature="setUp()[pri:0, instance:org.apache.ace.deployment.provider.repositorybased.RepositoryBasedProviderTest@9d7fbfb]" name="setUp" is-config="true" duration-ms="14" started-at="2012-07-04T13:30:20Z" finished-at="2012-07-04T13:30:20Z">
        </test-method> <!-- setUp -->
        <test-method status="PASS" signature="testBundleDataWithResources()[pri:0, instance:org.apache.ace.deployment.provider.repositorybased.RepositoryBasedProviderTest@9d7fbfb]" name="testBundleDataWithResources" duration-ms="7" started-at="2012-07-04T13:30:20Z" finished-at="2012-07-04T13:30:20Z">
        </test-method> <!-- testBundleDataWithResources -->
        <test-method status="PASS" signature="setUp()[pri:0, instance:org.apache.ace.deployment.provider.repositorybased.RepositoryBasedProviderTest@9d7fbfb]" name="setUp" is-config="true" duration-ms="14" started-at="2012-07-04T13:30:20Z" finished-at="2012-07-04T13:30:20Z">
        </test-method> <!-- setUp -->
        <test-method status="PASS" signature="testEmptyDeploymentVersion()[pri:0, instance:org.apache.ace.deployment.provider.repositorybased.RepositoryBasedProviderTest@9d7fbfb]" name="testEmptyDeploymentVersion" duration-ms="13" started-at="2012-07-04T13:30:20Z" finished-at="2012-07-04T13:30:20Z">
        </test-method> <!-- testEmptyDeploymentVersion -->
        <test-method status="PASS" signature="setUp()[pri:0, instance:org.apache.ace.deployment.provider.repositorybased.RepositoryBasedProviderTest@9d7fbfb]" name="setUp" is-config="true" duration-ms="17" started-at="2012-07-04T13:30:20Z" finished-at="2012-07-04T13:30:20Z">
        </test-method> <!-- setUp -->
        <test-method status="PASS" signature="testEmptyRepository()[pri:0, instance:org.apache.ace.deployment.provider.repositorybased.RepositoryBasedProviderTest@9d7fbfb]" name="testEmptyRepository" duration-ms="1" started-at="2012-07-04T13:30:20Z" finished-at="2012-07-04T13:30:20Z">
        </test-method> <!-- testEmptyRepository -->
        <test-method status="PASS" signature="setUp()[pri:0, instance:org.apache.ace.deployment.provider.repositorybased.RepositoryBasedProviderTest@9d7fbfb]" name="setUp" is-config="true" duration-ms="17" started-at="2012-07-04T13:30:20Z" finished-at="2012-07-04T13:30:20Z">
        </test-method> <!-- setUp -->
        <test-method status="PASS" signature="testGetLiteralTargetIllegalVersion()[pri:0, instance:org.apache.ace.deployment.provider.repositorybased.RepositoryBasedProviderTest@9d7fbfb]" name="testGetLiteralTargetIllegalVersion" duration-ms="3" started-at="2012-07-04T13:30:20Z" finished-at="2012-07-04T13:30:20Z">
        </test-method> <!-- testGetLiteralTargetIllegalVersion -->
        <test-method status="PASS" signature="setUp()[pri:0, instance:org.apache.ace.deployment.provider.repositorybased.RepositoryBasedProviderTest@9d7fbfb]" name="setUp" is-config="true" duration-ms="14" started-at="2012-07-04T13:30:20Z" finished-at="2012-07-04T13:30:20Z">
        </test-method> <!-- setUp -->
        <test-method status="PASS" signature="testGetLiteralTargetVersion()[pri:0, instance:org.apache.ace.deployment.provider.repositorybased.RepositoryBasedProviderTest@9d7fbfb]" name="testGetLiteralTargetVersion" duration-ms="10" started-at="2012-07-04T13:30:20Z" finished-at="2012-07-04T13:30:20Z">
        </test-method> <!-- testGetLiteralTargetVersion -->
        <test-method status="PASS" signature="setUp()[pri:0, instance:org.apache.ace.deployment.provider.repositorybased.RepositoryBasedProviderTest@9d7fbfb]" name="setUp" is-config="true" duration-ms="14" started-at="2012-07-04T13:30:20Z" finished-at="2012-07-04T13:30:20Z">
        </test-method> <!-- setUp -->
        <test-method status="PASS" signature="testGetVersion()[pri:0, instance:org.apache.ace.deployment.provider.repositorybased.RepositoryBasedProviderTest@9d7fbfb]" name="testGetVersion" duration-ms="3" started-at="2012-07-04T13:30:20Z" finished-at="2012-07-04T13:30:20Z">
        </test-method> <!-- testGetVersion -->
        <test-method status="PASS" signature="setUp()[pri:0, instance:org.apache.ace.deployment.provider.repositorybased.RepositoryBasedProviderTest@9d7fbfb]" name="setUp" is-config="true" duration-ms="14" started-at="2012-07-04T13:30:20Z" finished-at="2012-07-04T13:30:20Z">
        </test-method> <!-- setUp -->
        <test-method status="PASS" signature="testIllegalVersion()[pri:0, instance:org.apache.ace.deployment.provider.repositorybased.RepositoryBasedProviderTest@9d7fbfb]" name="testIllegalVersion" duration-ms="2" started-at="2012-07-04T13:30:20Z" finished-at="2012-07-04T13:30:20Z">
        </test-method> <!-- testIllegalVersion -->
        <test-method status="PASS" signature="setUp()[pri:0, instance:org.apache.ace.deployment.provider.repositorybased.RepositoryBasedProviderTest@9d7fbfb]" name="setUp" is-config="true" duration-ms="14" started-at="2012-07-04T13:30:20Z" finished-at="2012-07-04T13:30:20Z">
        </test-method> <!-- setUp -->
        <test-method status="PASS" signature="testInvalidTargetBundleData()[pri:0, instance:org.apache.ace.deployment.provider.repositorybased.RepositoryBasedProviderTest@9d7fbfb]" name="testInvalidTargetBundleData" duration-ms="3" started-at="2012-07-04T13:30:20Z" finished-at="2012-07-04T13:30:20Z">
        </test-method> <!-- testInvalidTargetBundleData -->
        <test-method status="PASS" signature="setUp()[pri:0, instance:org.apache.ace.deployment.provider.repositorybased.RepositoryBasedProviderTest@9d7fbfb]" name="setUp" is-config="true" duration-ms="13" started-at="2012-07-04T13:30:20Z" finished-at="2012-07-04T13:30:20Z">
        </test-method> <!-- setUp -->
        <test-method status="PASS" signature="testInvalidVersionBundleData()[pri:0, instance:org.apache.ace.deployment.provider.repositorybased.RepositoryBasedProviderTest@9d7fbfb]" name="testInvalidVersionBundleData" duration-ms="0" started-at="2012-07-04T13:30:20Z" finished-at="2012-07-04T13:30:20Z">
        </test-method> <!-- testInvalidVersionBundleData -->
        <test-method status="PASS" signature="setUp()[pri:0, instance:org.apache.ace.deployment.provider.repositorybased.RepositoryBasedProviderTest@9d7fbfb]" name="setUp" is-config="true" duration-ms="12" started-at="2012-07-04T13:30:20Z" finished-at="2012-07-04T13:30:20Z">
        </test-method> <!-- setUp -->
        <test-method status="PASS" signature="testMultipleBundleSingleVersionBundleData()[pri:0, instance:org.apache.ace.deployment.provider.repositorybased.RepositoryBasedProviderTest@9d7fbfb]" name="testMultipleBundleSingleVersionBundleData" duration-ms="3" started-at="2012-07-04T13:30:20Z" finished-at="2012-07-04T13:30:20Z">
        </test-method> <!-- testMultipleBundleSingleVersionBundleData -->
        <test-method status="PASS" signature="setUp()[pri:0, instance:org.apache.ace.deployment.provider.repositorybased.RepositoryBasedProviderTest@9d7fbfb]" name="setUp" is-config="true" duration-ms="18" started-at="2012-07-04T13:30:20Z" finished-at="2012-07-04T13:30:20Z">
        </test-method> <!-- setUp -->
        <test-method status="PASS" signature="testMultipleBundlesMultipleVersions()[pri:0, instance:org.apache.ace.deployment.provider.repositorybased.RepositoryBasedProviderTest@9d7fbfb]" name="testMultipleBundlesMultipleVersions" duration-ms="3" started-at="2012-07-04T13:30:20Z" finished-at="2012-07-04T13:30:20Z">
        </test-method> <!-- testMultipleBundlesMultipleVersions -->
        <test-method status="PASS" signature="setUp()[pri:0, instance:org.apache.ace.deployment.provider.repositorybased.RepositoryBasedProviderTest@9d7fbfb]" name="setUp" is-config="true" duration-ms="13" started-at="2012-07-04T13:30:20Z" finished-at="2012-07-04T13:30:20Z">
        </test-method> <!-- setUp -->
        <test-method status="PASS" signature="testMultipleChangedBundlesMultipleVersions()[pri:0, instance:org.apache.ace.deployment.provider.repositorybased.RepositoryBasedProviderTest@9d7fbfb]" name="testMultipleChangedBundlesMultipleVersions" duration-ms="3" started-at="2012-07-04T13:30:20Z" finished-at="2012-07-04T13:30:20Z">
        </test-method> <!-- testMultipleChangedBundlesMultipleVersions -->
        <test-method status="PASS" signature="setUp()[pri:0, instance:org.apache.ace.deployment.provider.repositorybased.RepositoryBasedProviderTest@9d7fbfb]" name="setUp" is-config="true" duration-ms="14" started-at="2012-07-04T13:30:20Z" finished-at="2012-07-04T13:30:20Z">
        </test-method> <!-- setUp -->
        <test-method status="PASS" signature="testMultipleVersions()[pri:0, instance:org.apache.ace.deployment.provider.repositorybased.RepositoryBasedProviderTest@9d7fbfb]" name="testMultipleVersions" duration-ms="4" started-at="2012-07-04T13:30:20Z" finished-at="2012-07-04T13:30:20Z">
        </test-method> <!-- testMultipleVersions -->
        <test-method status="PASS" signature="setUp()[pri:0, instance:org.apache.ace.deployment.provider.repositorybased.RepositoryBasedProviderTest@9d7fbfb]" name="setUp" is-config="true" duration-ms="80" started-at="2012-07-04T13:30:20Z" finished-at="2012-07-04T13:30:20Z">
        </test-method> <!-- setUp -->
        <test-method status="PASS" signature="testRemovedBundleMultipleVersions()[pri:0, instance:org.apache.ace.deployment.provider.repositorybased.RepositoryBasedProviderTest@9d7fbfb]" name="testRemovedBundleMultipleVersions" duration-ms="3" started-at="2012-07-04T13:30:20Z" finished-at="2012-07-04T13:30:20Z">
        </test-method> <!-- testRemovedBundleMultipleVersions -->
        <test-method status="PASS" signature="setUp()[pri:0, instance:org.apache.ace.deployment.provider.repositorybased.RepositoryBasedProviderTest@9d7fbfb]" name="setUp" is-config="true" duration-ms="15" started-at="2012-07-04T13:30:20Z" finished-at="2012-07-04T13:30:20Z">
        </test-method> <!-- setUp -->
        <test-method status="PASS" signature="testSingleBundleSingleVersionBundleData()[pri:0, instance:org.apache.ace.deployment.provider.repositorybased.RepositoryBasedProviderTest@9d7fbfb]" name="testSingleBundleSingleVersionBundleData" duration-ms="3" started-at="2012-07-04T13:30:20Z" finished-at="2012-07-04T13:30:20Z">
        </test-method> <!-- testSingleBundleSingleVersionBundleData -->
        <test-method status="PASS" signature="setUp()[pri:0, instance:org.apache.ace.deployment.provider.repositorybased.RepositoryBasedProviderTest@9d7fbfb]" name="setUp" is-config="true" duration-ms="12" started-at="2012-07-04T13:30:20Z" finished-at="2012-07-04T13:30:20Z">
        </test-method> <!-- setUp -->
        <test-method status="PASS" signature="testSingleChangedBundleMultipleVersions()[pri:0, instance:org.apache.ace.deployment.provider.repositorybased.RepositoryBasedProviderTest@9d7fbfb]" name="testSingleChangedBundleMultipleVersions" duration-ms="3" started-at="2012-07-04T13:30:20Z" finished-at="2012-07-04T13:30:20Z">
        </test-method> <!-- testSingleChangedBundleMultipleVersions -->
        <test-method status="PASS" signature="setUp()[pri:0, instance:org.apache.ace.deployment.provider.repositorybased.RepositoryBasedProviderTest@9d7fbfb]" name="setUp" is-config="true" duration-ms="15" started-at="2012-07-04T13:30:20Z" finished-at="2012-07-04T13:30:20Z">
        </test-method> <!-- setUp -->
        <test-method status="PASS" signature="testSingleUnchangedBundleMultipleVersions()[pri:0, instance:org.apache.ace.deployment.provider.repositorybased.RepositoryBasedProviderTest@9d7fbfb]" name="testSingleUnchangedBundleMultipleVersions" duration-ms="4" started-at="2012-07-04T13:30:20Z" finished-at="2012-07-04T13:30:20Z">
        </test-method> <!-- testSingleUnchangedBundleMultipleVersions -->
        <test-method status="PASS" signature="tearDown()[pri:0, instance:org.apache.ace.deployment.provider.repositorybased.RepositoryBasedProviderTest@9d7fbfb]" name="tearDown" is-config="true" duration-ms="0" started-at="2012-07-04T13:30:22Z" finished-at="2012-07-04T13:30:22Z">
        </test-method> <!-- tearDown -->
      </class> <!-- org.apache.ace.deployment.provider.repositorybased.RepositoryBasedProviderTest -->
      <class name="org.apache.ace.deployment.provider.repositorybased.BaseRepositoryHandlerTest">
        <test-method status="PASS" signature="setUp()[pri:0, instance:org.apache.ace.deployment.provider.repositorybased.BaseRepositoryHandlerTest@48067064]" name="setUp" is-config="true" duration-ms="42" started-at="2012-07-04T13:30:20Z" finished-at="2012-07-04T13:30:20Z">
        </test-method> <!-- setUp -->
        <test-method status="PASS" signature="testGatherArtifactsOfMultipleVersionTargetWithInvalidVersionOk()[pri:0, instance:org.apache.ace.deployment.provider.repositorybased.BaseRepositoryHandlerTest@48067064]" name="testGatherArtifactsOfMultipleVersionTargetWithInvalidVersionOk" duration-ms="9" started-at="2012-07-04T13:30:20Z" finished-at="2012-07-04T13:30:20Z">
        </test-method> <!-- testGatherArtifactsOfMultipleVersionTargetWithInvalidVersionOk -->
        <test-method status="PASS" signature="setUp()[pri:0, instance:org.apache.ace.deployment.provider.repositorybased.BaseRepositoryHandlerTest@48067064]" name="setUp" is-config="true" duration-ms="10" started-at="2012-07-04T13:30:20Z" finished-at="2012-07-04T13:30:20Z">
        </test-method> <!-- setUp -->
        <test-method status="PASS" signature="testGatherMultipleArtifactsOfMultipleVersionTargetOk()[pri:0, instance:org.apache.ace.deployment.provider.repositorybased.BaseRepositoryHandlerTest@48067064]" name="testGatherMultipleArtifactsOfMultipleVersionTargetOk" duration-ms="5" started-at="2012-07-04T13:30:20Z" finished-at="2012-07-04T13:30:20Z">
        </test-method> <!-- testGatherMultipleArtifactsOfMultipleVersionTargetOk -->
        <test-method status="PASS" signature="setUp()[pri:0, instance:org.apache.ace.deployment.provider.repositorybased.BaseRepositoryHandlerTest@48067064]" name="setUp" is-config="true" duration-ms="10" started-at="2012-07-04T13:30:20Z" finished-at="2012-07-04T13:30:20Z">
        </test-method> <!-- setUp -->
        <test-method status="PASS" signature="testGatherMultipleVersionOk()[pri:0, instance:org.apache.ace.deployment.provider.repositorybased.BaseRepositoryHandlerTest@48067064]" name="testGatherMultipleVersionOk" duration-ms="4" started-at="2012-07-04T13:30:20Z" finished-at="2012-07-04T13:30:20Z">
        </test-method> <!-- testGatherMultipleVersionOk -->
        <test-method status="PASS" signature="setUp()[pri:0, instance:org.apache.ace.deployment.provider.repositorybased.BaseRepositoryHandlerTest@48067064]" name="setUp" is-config="true" duration-ms="8" started-at="2012-07-04T13:30:20Z" finished-at="2012-07-04T13:30:20Z">
        </test-method> <!-- setUp -->
        <test-method status="PASS" signature="testGatherNonExistingArtifactsOfMultipleVersionTargetOk()[pri:0, instance:org.apache.ace.deployment.provider.repositorybased.BaseRepositoryHandlerTest@48067064]" name="testGatherNonExistingArtifactsOfMultipleVersionTargetOk" duration-ms="4" started-at="2012-07-04T13:30:20Z" finished-at="2012-07-04T13:30:20Z">
        </test-method> <!-- testGatherNonExistingArtifactsOfMultipleVersionTargetOk -->
        <test-method status="PASS" signature="setUp()[pri:0, instance:org.apache.ace.deployment.provider.repositorybased.BaseRepositoryHandlerTest@48067064]" name="setUp" is-config="true" duration-ms="10" started-at="2012-07-04T13:30:20Z" finished-at="2012-07-04T13:30:20Z">
        </test-method> <!-- setUp -->
        <test-method status="PASS" signature="testGatherSingleArtifactOk()[pri:0, instance:org.apache.ace.deployment.provider.repositorybased.BaseRepositoryHandlerTest@48067064]" name="testGatherSingleArtifactOk" duration-ms="6" started-at="2012-07-04T13:30:20Z" finished-at="2012-07-04T13:30:20Z">
        </test-method> <!-- testGatherSingleArtifactOk -->
        <test-method status="PASS" signature="setUp()[pri:0, instance:org.apache.ace.deployment.provider.repositorybased.BaseRepositoryHandlerTest@48067064]" name="setUp" is-config="true" duration-ms="15" started-at="2012-07-04T13:30:20Z" finished-at="2012-07-04T13:30:20Z">
        </test-method> <!-- setUp -->
        <test-method status="PASS" signature="testGatherSingleArtifactsOfMultipleVersionTargetOk()[pri:0, instance:org.apache.ace.deployment.provider.repositorybased.BaseRepositoryHandlerTest@48067064]" name="testGatherSingleArtifactsOfMultipleVersionTargetOk" duration-ms="4" started-at="2012-07-04T13:30:20Z" finished-at="2012-07-04T13:30:20Z">
        </test-method> <!-- testGatherSingleArtifactsOfMultipleVersionTargetOk -->
        <test-method status="PASS" signature="setUp()[pri:0, instance:org.apache.ace.deployment.provider.repositorybased.BaseRepositoryHandlerTest@48067064]" name="setUp" is-config="true" duration-ms="10" started-at="2012-07-04T13:30:20Z" finished-at="2012-07-04T13:30:20Z">
        </test-method> <!-- setUp -->
        <test-method status="PASS" signature="testGatherSingleVersionOk()[pri:0, instance:org.apache.ace.deployment.provider.repositorybased.BaseRepositoryHandlerTest@48067064]" name="testGatherSingleVersionOk" duration-ms="5" started-at="2012-07-04T13:30:20Z" finished-at="2012-07-04T13:30:20Z">
        </test-method> <!-- testGatherSingleVersionOk -->
      </class> <!-- org.apache.ace.deployment.provider.repositorybased.BaseRepositoryHandlerTest -->
      <class name="org.apache.ace.deployment.provider.repositorybased.CacheTest">
        <test-method status="PASS" signature="testFillCacheToLimitAndCheckIfEverythingFits()[pri:0, instance:org.apache.ace.deployment.provider.repositorybased.CacheTest@4979935d]" name="testFillCacheToLimitAndCheckIfEverythingFits" duration-ms="3" started-at="2012-07-04T13:30:22Z" finished-at="2012-07-04T13:30:22Z">
        </test-method> <!-- testFillCacheToLimitAndCheckIfEverythingFits -->
        <test-method status="PASS" signature="testOverflowCacheAndValidateOldestElementDisappears()[pri:0, instance:org.apache.ace.deployment.provider.repositorybased.CacheTest@4979935d]" name="testOverflowCacheAndValidateOldestElementDisappears" duration-ms="1" started-at="2012-07-04T13:30:22Z" finished-at="2012-07-04T13:30:22Z">
        </test-method> <!-- testOverflowCacheAndValidateOldestElementDisappears -->
      </class> <!-- org.apache.ace.deployment.provider.repositorybased.CacheTest -->
    </test> <!-- Default test -->
  </suite> <!-- Default suite -->
</testng-results>
