<?xml version="1.0" encoding="UTF-8"?>
<testng-results skipped="0" failed="0" total="1" passed="1">
  <reporter-output>
  </reporter-output>
  <suite name="Default suite" duration-ms="27" started-at="2012-07-03T19:33:29Z" finished-at="2012-07-03T19:33:29Z">
    <groups>
      <group name="unit">
        <method signature="SimpleIdentificationTest.testSimpleIdentification()[pri:0, instance:org.apache.ace.identification.property.SimpleIdentificationTest@11a06e38]" name="testSimpleIdentification" class="org.apache.ace.identification.property.SimpleIdentificationTest"/>
      </group> <!-- unit -->
    </groups>
    <test name="Default test" duration-ms="27" started-at="2012-07-03T19:33:29Z" finished-at="2012-07-03T19:33:29Z">
      <class name="org.apache.ace.identification.property.SimpleIdentificationTest">
        <test-method status="PASS" signature="setUp()[pri:0, instance:org.apache.ace.identification.property.SimpleIdentificationTest@11a06e38]" name="setUp" is-config="true" duration-ms="13" started-at="2012-07-03T19:33:29Z" finished-at="2012-07-03T19:33:29Z">
        </test-method> <!-- setUp -->
        <test-method status="PASS" signature="testSimpleIdentification()[pri:0, instance:org.apache.ace.identification.property.SimpleIdentificationTest@11a06e38]" name="testSimpleIdentification" duration-ms="5" started-at="2012-07-03T19:33:29Z" finished-at="2012-07-03T19:33:29Z">
        </test-method> <!-- testSimpleIdentification -->
      </class> <!-- org.apache.ace.identification.property.SimpleIdentificationTest -->
    </test> <!-- Default test -->
  </suite> <!-- Default suite -->
</testng-results>
