<?xml version="1.0" encoding="UTF-8"?>
<testng-results skipped="0" failed="0" total="3" passed="3">
  <reporter-output>
  </reporter-output>
  <suite name="Default suite" duration-ms="329" started-at="2012-07-04T13:43:17Z" finished-at="2012-07-04T13:43:17Z">
    <groups>
      <group name="broken">
        <method signature="StreamTest.hundredStreamsConcurrently()[pri:0, instance:org.apache.ace.deployment.streamgenerator.impl.StreamTest@f2a55aa]" name="hundredStreamsConcurrently" class="org.apache.ace.deployment.streamgenerator.impl.StreamTest"/>
        <method signature="StreamTest.hundredStreamsSequentially()[pri:0, instance:org.apache.ace.deployment.streamgenerator.impl.StreamTest@f2a55aa]" name="hundredStreamsSequentially" class="org.apache.ace.deployment.streamgenerator.impl.StreamTest"/>
      </group> <!-- broken -->
      <group name="unit">
        <method signature="StreamTest.hundredStreamsConcurrently()[pri:0, instance:org.apache.ace.deployment.streamgenerator.impl.StreamTest@f2a55aa]" name="hundredStreamsConcurrently" class="org.apache.ace.deployment.streamgenerator.impl.StreamTest"/>
        <method signature="StreamTest.hundredStreamsSequentially()[pri:0, instance:org.apache.ace.deployment.streamgenerator.impl.StreamTest@f2a55aa]" name="hundredStreamsSequentially" class="org.apache.ace.deployment.streamgenerator.impl.StreamTest"/>
        <method signature="StreamTest.isJarInputStreamReadable()[pri:0, instance:org.apache.ace.deployment.streamgenerator.impl.StreamTest@f2a55aa]" name="isJarInputStreamReadable" class="org.apache.ace.deployment.streamgenerator.impl.StreamTest"/>
      </group> <!-- unit -->
    </groups>
    <test name="Default test" duration-ms="329" started-at="2012-07-04T13:43:17Z" finished-at="2012-07-04T13:43:17Z">
      <class name="org.apache.ace.deployment.streamgenerator.impl.StreamTest">
        <test-method status="PASS" signature="setUp()[pri:0, instance:org.apache.ace.deployment.streamgenerator.impl.StreamTest@f2a55aa]" name="setUp" is-config="true" duration-ms="50" started-at="2012-07-04T13:43:17Z" finished-at="2012-07-04T13:43:17Z">
        </test-method> <!-- setUp -->
        <test-method status="PASS" signature="hundredStreamsConcurrently()[pri:0, instance:org.apache.ace.deployment.streamgenerator.impl.StreamTest@f2a55aa]" name="hundredStreamsConcurrently" duration-ms="130" started-at="2012-07-04T13:43:17Z" finished-at="2012-07-04T13:43:17Z">
        </test-method> <!-- hundredStreamsConcurrently -->
        <test-method status="PASS" signature="hundredStreamsSequentially()[pri:0, instance:org.apache.ace.deployment.streamgenerator.impl.StreamTest@f2a55aa]" name="hundredStreamsSequentially" duration-ms="136" started-at="2012-07-04T13:43:17Z" finished-at="2012-07-04T13:43:17Z">
        </test-method> <!-- hundredStreamsSequentially -->
        <test-method status="PASS" signature="isJarInputStreamReadable()[pri:0, instance:org.apache.ace.deployment.streamgenerator.impl.StreamTest@f2a55aa]" name="isJarInputStreamReadable" duration-ms="2" started-at="2012-07-04T13:43:17Z" finished-at="2012-07-04T13:43:17Z">
        </test-method> <!-- isJarInputStreamReadable -->
      </class> <!-- org.apache.ace.deployment.streamgenerator.impl.StreamTest -->
    </test> <!-- Default test -->
  </suite> <!-- Default suite -->
</testng-results>
