<?xml version="1.0" encoding="UTF-8"?>
<!-- Generated by org.testng.reporters.JUnitXMLReporter -->
<testsuite hostname="Marcels-MacBook-Pro.local" name="Default test" tests="7" failures="0" timestamp="4 Jul 2012 21:13:37 GMT" time="0.238" errors="0">
  <testcase name="testNeedsNewVersionChangedTemplateOk" time="0.202" classname="org.apache.ace.client.repository.helper.base.VelocityArtifactPreprocessorTest"/>
  <testcase name="testNeedsNewVersionEmptyTemplateOk" time="0.0010" classname="org.apache.ace.client.repository.helper.base.VelocityArtifactPreprocessorTest"/>
  <testcase name="testNeedsNewVersionNonExistingTemplateOk" time="0.0010" classname="org.apache.ace.client.repository.helper.base.VelocityArtifactPreprocessorTest"/>
  <testcase name="testNeedsNewVersionUnchangedTemplateOk" time="0.0020" classname="org.apache.ace.client.repository.helper.base.VelocityArtifactPreprocessorTest"/>
  <testcase name="testPreprocessExistingNoTemplateOk" time="0.0020" classname="org.apache.ace.client.repository.helper.base.VelocityArtifactPreprocessorTest"/>
  <testcase name="testPreprocessExistingRealTemplateOk" time="0.0020" classname="org.apache.ace.client.repository.helper.base.VelocityArtifactPreprocessorTest"/>
  <testcase name="testPreprocessNonExistingTemplateOk" time="0.0010" classname="org.apache.ace.client.repository.helper.base.VelocityArtifactPreprocessorTest"/>
</testsuite> <!-- Default test -->
