<?xml version="1.0" encoding="UTF-8"?>
<!-- Generated by org.testng.reporters.JUnitXMLReporter -->
<testsuite hostname="Marcels-MacBook-Pro.local" name="Default test" tests="5" failures="0" timestamp="4 Jul 2012 09:37:46 GMT" time="0.044" errors="0">
  <testcase name="testCanHandleCommentBeforeRoot" time="0.017" classname="org.apache.ace.client.repository.helper.configuration.impl.ConfigurationHelperImplTest"/>
  <testcase name="testNamespace10Recognized" time="0.0040" classname="org.apache.ace.client.repository.helper.configuration.impl.ConfigurationHelperImplTest"/>
  <testcase name="testNamespace11Recognized" time="0.0030" classname="org.apache.ace.client.repository.helper.configuration.impl.ConfigurationHelperImplTest"/>
  <testcase name="testNamespace12Recognized" time="0.0030" classname="org.apache.ace.client.repository.helper.configuration.impl.ConfigurationHelperImplTest"/>
  <testcase name="testNamespace13NotRecognized" time="0.0030" classname="org.apache.ace.client.repository.helper.configuration.impl.ConfigurationHelperImplTest"/>
</testsuite> <!-- Default test -->
