<?xml version="1.0" encoding="UTF-8"?>
<!-- Generated by org.testng.reporters.JUnitXMLReporter -->
<testsuite hostname="Marcels-MacBook-Pro.local" name="Default test" tests="10" failures="0" timestamp="4 Jul 2012 20:17:45 GMT" time="0.062" errors="0">
  <testcase name="testCheckoutNegative" time="0.0050" classname="org.apache.ace.repository.impl.RepositoryImplTest"/>
  <testcase name="testCheckoutZero" time="0.0010" classname="org.apache.ace.repository.impl.RepositoryImplTest"/>
  <testcase name="testCommitAndCheckout" time="0.0010" classname="org.apache.ace.repository.impl.RepositoryImplTest"/>
  <testcase name="testCommitNegative" time="0.0010" classname="org.apache.ace.repository.impl.RepositoryImplTest"/>
  <testcase name="testGetAndPut" time="0.0010" classname="org.apache.ace.repository.impl.RepositoryImplTest"/>
  <testcase name="testGetNegative" time="0.0010" classname="org.apache.ace.repository.impl.RepositoryImplTest"/>
  <testcase name="testGetZero" time="0.0010" classname="org.apache.ace.repository.impl.RepositoryImplTest"/>
  <testcase name="testPutNegative" time="0.0010" classname="org.apache.ace.repository.impl.RepositoryImplTest"/>
  <testcase name="testPutZero" time="0.0010" classname="org.apache.ace.repository.impl.RepositoryImplTest"/>
  <testcase name="testUpdated" time="0.0" classname="org.apache.ace.repository.impl.RepositoryImplTest"/>
</testsuite> <!-- Default test -->
