<?xml version="1.0" encoding="UTF-8"?>
<!-- Generated by org.testng.reporters.JUnitXMLReporter -->
<testsuite hostname="Marcels-MacBook-Pro.local" name="Default test" tests="6" failures="0" timestamp="15 Jun 2012 14:51:00 GMT" time="0.086" errors="0">
  <testcase name="testGetInValidResource" time="0.0040" classname="org.apache.ace.obr.servlet.BundleServletTest"/>
  <testcase name="testGetValidResource" time="0.0080" classname="org.apache.ace.obr.servlet.BundleServletTest"/>
  <testcase name="testPostResource" time="0.0" classname="org.apache.ace.obr.servlet.BundleServletTest"/>
  <testcase name="testPostResourceInPath" time="0.0" classname="org.apache.ace.obr.servlet.BundleServletTest"/>
  <testcase name="testRemoveResource" time="0.0010" classname="org.apache.ace.obr.servlet.BundleServletTest"/>
  <testcase name="testRemoveResourceInPath" time="0.0" classname="org.apache.ace.obr.servlet.BundleServletTest"/>
</testsuite> <!-- Default test -->
