<?xml version="1.0" encoding="UTF-8"?>
<!-- Generated by org.testng.reporters.JUnitXMLReporter -->
<testsuite hostname="Marcels-MacBook-Pro.local" name="Default test" tests="30" failures="0" timestamp="4 Jul 2012 11:30:22 GMT" time="1.968" errors="0">
  <testcase name="testGatherArtifactsOfMultipleVersionTargetWithInvalidVersionOk" time="0.0090" classname="org.apache.ace.deployment.provider.repositorybased.BaseRepositoryHandlerTest"/>
  <testcase name="testGatherMultipleArtifactsOfMultipleVersionTargetOk" time="0.0050" classname="org.apache.ace.deployment.provider.repositorybased.BaseRepositoryHandlerTest"/>
  <testcase name="testGatherMultipleVersionOk" time="0.0040" classname="org.apache.ace.deployment.provider.repositorybased.BaseRepositoryHandlerTest"/>
  <testcase name="testGatherNonExistingArtifactsOfMultipleVersionTargetOk" time="0.0040" classname="org.apache.ace.deployment.provider.repositorybased.BaseRepositoryHandlerTest"/>
  <testcase name="testGatherSingleArtifactOk" time="0.0060" classname="org.apache.ace.deployment.provider.repositorybased.BaseRepositoryHandlerTest"/>
  <testcase name="testGatherSingleArtifactsOfMultipleVersionTargetOk" time="0.0040" classname="org.apache.ace.deployment.provider.repositorybased.BaseRepositoryHandlerTest"/>
  <testcase name="testGatherSingleVersionOk" time="0.0050" classname="org.apache.ace.deployment.provider.repositorybased.BaseRepositoryHandlerTest"/>
  <testcase name="testAddedBundleMultipleVersions" time="0.0070" classname="org.apache.ace.deployment.provider.repositorybased.RepositoryBasedProviderTest"/>
  <testcase name="testArtifactDataManifestGeneration" time="0.0010" classname="org.apache.ace.deployment.provider.repositorybased.RepositoryBasedProviderTest"/>
  <testcase name="testBundleDataWithResources" time="0.0070" classname="org.apache.ace.deployment.provider.repositorybased.RepositoryBasedProviderTest"/>
  <testcase name="testEmptyDeploymentVersion" time="0.013" classname="org.apache.ace.deployment.provider.repositorybased.RepositoryBasedProviderTest"/>
  <testcase name="testEmptyRepository" time="0.0010" classname="org.apache.ace.deployment.provider.repositorybased.RepositoryBasedProviderTest"/>
  <testcase name="testGetLiteralTargetIllegalVersion" time="0.0030" classname="org.apache.ace.deployment.provider.repositorybased.RepositoryBasedProviderTest"/>
  <testcase name="testGetLiteralTargetVersion" time="0.01" classname="org.apache.ace.deployment.provider.repositorybased.RepositoryBasedProviderTest"/>
  <testcase name="testGetVersion" time="0.0030" classname="org.apache.ace.deployment.provider.repositorybased.RepositoryBasedProviderTest"/>
  <testcase name="testIllegalVersion" time="0.0020" classname="org.apache.ace.deployment.provider.repositorybased.RepositoryBasedProviderTest"/>
  <testcase name="testInvalidTargetBundleData" time="0.0030" classname="org.apache.ace.deployment.provider.repositorybased.RepositoryBasedProviderTest"/>
  <testcase name="testInvalidVersionBundleData" time="0.0" classname="org.apache.ace.deployment.provider.repositorybased.RepositoryBasedProviderTest"/>
  <testcase name="testMultipleBundleSingleVersionBundleData" time="0.0030" classname="org.apache.ace.deployment.provider.repositorybased.RepositoryBasedProviderTest"/>
  <testcase name="testMultipleBundlesMultipleVersions" time="0.0030" classname="org.apache.ace.deployment.provider.repositorybased.RepositoryBasedProviderTest"/>
  <testcase name="testMultipleChangedBundlesMultipleVersions" time="0.0030" classname="org.apache.ace.deployment.provider.repositorybased.RepositoryBasedProviderTest"/>
  <testcase name="testMultipleVersions" time="0.0040" classname="org.apache.ace.deployment.provider.repositorybased.RepositoryBasedProviderTest"/>
  <testcase name="testRemovedBundleMultipleVersions" time="0.0030" classname="org.apache.ace.deployment.provider.repositorybased.RepositoryBasedProviderTest"/>
  <testcase name="testSingleBundleSingleVersionBundleData" time="0.0030" classname="org.apache.ace.deployment.provider.repositorybased.RepositoryBasedProviderTest"/>
  <testcase name="testSingleChangedBundleMultipleVersions" time="0.0030" classname="org.apache.ace.deployment.provider.repositorybased.RepositoryBasedProviderTest"/>
  <testcase name="testSingleUnchangedBundleMultipleVersions" time="0.0040" classname="org.apache.ace.deployment.provider.repositorybased.RepositoryBasedProviderTest"/>
  <testcase name="testSingleBundleMultipleVersionBundleDataFromHugeXml" time="0.703" classname="org.apache.ace.deployment.provider.repositorybased.RepositoryBasedProviderPerformanceTest"/>
  <testcase name="testSingleBundleSingleVersionBundleDataFromHugeXml" time="0.209" classname="org.apache.ace.deployment.provider.repositorybased.RepositoryBasedProviderPerformanceTest"/>
  <testcase name="testFillCacheToLimitAndCheckIfEverythingFits" time="0.0030" classname="org.apache.ace.deployment.provider.repositorybased.CacheTest"/>
  <testcase name="testOverflowCacheAndValidateOldestElementDisappears" time="0.0010" classname="org.apache.ace.deployment.provider.repositorybased.CacheTest"/>
</testsuite> <!-- Default test -->
