<?xml version="1.0" encoding="UTF-8"?>
<!-- Generated by org.testng.reporters.JUnitXMLReporter -->
<testsuite hostname="Marcels-MacBook-Pro.local" name="Default test" tests="2" failures="0" timestamp="4 Jul 2012 10:17:20 GMT" time="0.429" errors="0">
  <testcase name="testPathTransforms" time="0.414" classname="org.apache.ace.client.rest.RESTClientTest"/>
  <testcase name="testPropertyGetter" time="0.0010" classname="org.apache.ace.client.rest.RESTClientTest"/>
</testsuite> <!-- Default test -->
