<?xml version="1.0" encoding="UTF-8"?>
<testng-results skipped="0" failed="0" total="7" passed="7">
  <reporter-output>
  </reporter-output>
  <suite name="Default suite" duration-ms="238" started-at="2012-07-04T23:13:36Z" finished-at="2012-07-04T23:13:37Z">
    <groups>
      <group name="unit">
        <method signature="VelocityArtifactPreprocessorTest.testNeedsNewVersionChangedTemplateOk()[pri:0, instance:org.apache.ace.client.repository.helper.base.VelocityArtifactPreprocessorTest@64633e5e]" name="testNeedsNewVersionChangedTemplateOk" class="org.apache.ace.client.repository.helper.base.VelocityArtifactPreprocessorTest"/>
        <method signature="VelocityArtifactPreprocessorTest.testNeedsNewVersionEmptyTemplateOk()[pri:0, instance:org.apache.ace.client.repository.helper.base.VelocityArtifactPreprocessorTest@64633e5e]" name="testNeedsNewVersionEmptyTemplateOk" class="org.apache.ace.client.repository.helper.base.VelocityArtifactPreprocessorTest"/>
        <method signature="VelocityArtifactPreprocessorTest.testNeedsNewVersionNonExistingTemplateOk()[pri:0, instance:org.apache.ace.client.repository.helper.base.VelocityArtifactPreprocessorTest@64633e5e]" name="testNeedsNewVersionNonExistingTemplateOk" class="org.apache.ace.client.repository.helper.base.VelocityArtifactPreprocessorTest"/>
        <method signature="VelocityArtifactPreprocessorTest.testNeedsNewVersionUnchangedTemplateOk()[pri:0, instance:org.apache.ace.client.repository.helper.base.VelocityArtifactPreprocessorTest@64633e5e]" name="testNeedsNewVersionUnchangedTemplateOk" class="org.apache.ace.client.repository.helper.base.VelocityArtifactPreprocessorTest"/>
        <method signature="VelocityArtifactPreprocessorTest.testPreprocessExistingNoTemplateOk()[pri:0, instance:org.apache.ace.client.repository.helper.base.VelocityArtifactPreprocessorTest@64633e5e]" name="testPreprocessExistingNoTemplateOk" class="org.apache.ace.client.repository.helper.base.VelocityArtifactPreprocessorTest"/>
        <method signature="VelocityArtifactPreprocessorTest.testPreprocessExistingRealTemplateOk()[pri:0, instance:org.apache.ace.client.repository.helper.base.VelocityArtifactPreprocessorTest@64633e5e]" name="testPreprocessExistingRealTemplateOk" class="org.apache.ace.client.repository.helper.base.VelocityArtifactPreprocessorTest"/>
        <method signature="VelocityArtifactPreprocessorTest.testPreprocessNonExistingTemplateOk()[pri:0, instance:org.apache.ace.client.repository.helper.base.VelocityArtifactPreprocessorTest@64633e5e]" name="testPreprocessNonExistingTemplateOk" class="org.apache.ace.client.repository.helper.base.VelocityArtifactPreprocessorTest"/>
      </group> <!-- unit -->
    </groups>
    <test name="Default test" duration-ms="238" started-at="2012-07-04T23:13:36Z" finished-at="2012-07-04T23:13:37Z">
      <class name="org.apache.ace.client.repository.helper.base.VelocityArtifactPreprocessorTest">
        <test-method status="PASS" signature="setUp()[pri:0, instance:org.apache.ace.client.repository.helper.base.VelocityArtifactPreprocessorTest@64633e5e]" name="setUp" is-config="true" duration-ms="7" started-at="2012-07-04T23:13:36Z" finished-at="2012-07-04T23:13:36Z">
        </test-method> <!-- setUp -->
        <test-method status="PASS" signature="testNeedsNewVersionChangedTemplateOk()[pri:0, instance:org.apache.ace.client.repository.helper.base.VelocityArtifactPreprocessorTest@64633e5e]" name="testNeedsNewVersionChangedTemplateOk" duration-ms="202" started-at="2012-07-04T23:13:36Z" finished-at="2012-07-04T23:13:37Z">
        </test-method> <!-- testNeedsNewVersionChangedTemplateOk -->
        <test-method status="PASS" signature="testNeedsNewVersionEmptyTemplateOk()[pri:0, instance:org.apache.ace.client.repository.helper.base.VelocityArtifactPreprocessorTest@64633e5e]" name="testNeedsNewVersionEmptyTemplateOk" duration-ms="1" started-at="2012-07-04T23:13:37Z" finished-at="2012-07-04T23:13:37Z">
        </test-method> <!-- testNeedsNewVersionEmptyTemplateOk -->
        <test-method status="PASS" signature="testNeedsNewVersionNonExistingTemplateOk()[pri:0, instance:org.apache.ace.client.repository.helper.base.VelocityArtifactPreprocessorTest@64633e5e]" name="testNeedsNewVersionNonExistingTemplateOk" duration-ms="1" started-at="2012-07-04T23:13:37Z" finished-at="2012-07-04T23:13:37Z">
        </test-method> <!-- testNeedsNewVersionNonExistingTemplateOk -->
        <test-method status="PASS" signature="testNeedsNewVersionUnchangedTemplateOk()[pri:0, instance:org.apache.ace.client.repository.helper.base.VelocityArtifactPreprocessorTest@64633e5e]" name="testNeedsNewVersionUnchangedTemplateOk" duration-ms="2" started-at="2012-07-04T23:13:37Z" finished-at="2012-07-04T23:13:37Z">
        </test-method> <!-- testNeedsNewVersionUnchangedTemplateOk -->
        <test-method status="PASS" signature="testPreprocessExistingNoTemplateOk()[pri:0, instance:org.apache.ace.client.repository.helper.base.VelocityArtifactPreprocessorTest@64633e5e]" name="testPreprocessExistingNoTemplateOk" duration-ms="2" started-at="2012-07-04T23:13:37Z" finished-at="2012-07-04T23:13:37Z">
        </test-method> <!-- testPreprocessExistingNoTemplateOk -->
        <test-method status="PASS" signature="testPreprocessExistingRealTemplateOk()[pri:0, instance:org.apache.ace.client.repository.helper.base.VelocityArtifactPreprocessorTest@64633e5e]" name="testPreprocessExistingRealTemplateOk" duration-ms="2" started-at="2012-07-04T23:13:37Z" finished-at="2012-07-04T23:13:37Z">
        </test-method> <!-- testPreprocessExistingRealTemplateOk -->
        <test-method status="PASS" signature="testPreprocessNonExistingTemplateOk()[pri:0, instance:org.apache.ace.client.repository.helper.base.VelocityArtifactPreprocessorTest@64633e5e]" name="testPreprocessNonExistingTemplateOk" duration-ms="1" started-at="2012-07-04T23:13:37Z" finished-at="2012-07-04T23:13:37Z">
          <exception class="java.io.FileNotFoundException">
            <message>
              <![CDATA[/path/to/nowhere-1341436417162 (No such file or directory)]]>
            </message>
            <full-stacktrace>
              <![CDATA[java.io.FileNotFoundException: /path/to/nowhere-1341436417162 (No such file or directory)
	at java.io.FileInputStream.open(Native Method)
	at java.io.FileInputStream.<init>(FileInputStream.java:120)
	at java.io.FileInputStream.<init>(FileInputStream.java:79)
	at sun.net.www.protocol.file.FileURLConnection.connect(FileURLConnection.java:70)
	at sun.net.www.protocol.file.FileURLConnection.getInputStream(FileURLConnection.java:161)
	at org.apache.ace.client.repository.helper.base.VelocityArtifactPreprocessor.getBytesFromUrl(VelocityArtifactPreprocessor.java:274)
	at org.apache.ace.client.repository.helper.base.VelocityArtifactPreprocessor.getArtifactAsBytes(VelocityArtifactPreprocessor.java:258)
	at org.apache.ace.client.repository.helper.base.VelocityArtifactPreprocessor.preprocess(VelocityArtifactPreprocessor.java:116)
	at org.apache.ace.client.repository.helper.base.VelocityArtifactPreprocessorTest.testPreprocessNonExistingTemplateOk(VelocityArtifactPreprocessorTest.java:164)
	at sun.reflect.NativeMethodAccessorImpl.invoke0(Native Method)
	at sun.reflect.NativeMethodAccessorImpl.invoke(NativeMethodAccessorImpl.java:39)
	at sun.reflect.DelegatingMethodAccessorImpl.invoke(DelegatingMethodAccessorImpl.java:25)
	at java.lang.reflect.Method.invoke(Method.java:597)
	at org.testng.internal.MethodInvocationHelper.invokeMethod(MethodInvocationHelper.java:80)
	at org.testng.internal.Invoker.invokeMethod(Invoker.java:702)
	at org.testng.internal.Invoker.invokeTestMethod(Invoker.java:894)
	at org.testng.internal.Invoker.invokeTestMethods(Invoker.java:1219)
	at org.testng.internal.TestMethodWorker.invokeTestMethods(TestMethodWorker.java:127)
	at org.testng.internal.TestMethodWorker.run(TestMethodWorker.java:111)
	at org.testng.TestRunner.privateRun(TestRunner.java:767)
	at org.testng.TestRunner.run(TestRunner.java:617)
	at org.testng.SuiteRunner.runTest(SuiteRunner.java:334)
	at org.testng.SuiteRunner.runSequentially(SuiteRunner.java:329)
	at org.testng.SuiteRunner.privateRun(SuiteRunner.java:291)
	at org.testng.SuiteRunner.run(SuiteRunner.java:240)
	at org.testng.SuiteRunnerWorker.runSuite(SuiteRunnerWorker.java:53)
	at org.testng.SuiteRunnerWorker.run(SuiteRunnerWorker.java:87)
	at org.testng.TestNG.runSuitesSequentially(TestNG.java:1192)
	at org.testng.TestNG.runSuitesLocally(TestNG.java:1117)
	at org.testng.TestNG.run(TestNG.java:1025)
	at org.testng.remote.RemoteTestNG.run(RemoteTestNG.java:109)
	at org.testng.remote.RemoteTestNG.initAndRun(RemoteTestNG.java:202)
	at org.testng.remote.RemoteTestNG.main(RemoteTestNG.java:173)
]]>
            </full-stacktrace>
          </exception> <!-- java.io.FileNotFoundException -->
        </test-method> <!-- testPreprocessNonExistingTemplateOk -->
      </class> <!-- org.apache.ace.client.repository.helper.base.VelocityArtifactPreprocessorTest -->
    </test> <!-- Default test -->
  </suite> <!-- Default suite -->
</testng-results>
