<?xml version="1.0" encoding="UTF-8"?>
<!-- Generated by org.testng.reporters.JUnitXMLReporter -->
<testsuite hostname="Marcels-MacBook-Pro.local" name="Default test" tests="3" failures="0" timestamp="4 Jul 2012 11:43:17 GMT" time="0.329" errors="0">
  <testcase name="hundredStreamsConcurrently" time="0.13" classname="org.apache.ace.deployment.streamgenerator.impl.StreamTest"/>
  <testcase name="hundredStreamsSequentially" time="0.136" classname="org.apache.ace.deployment.streamgenerator.impl.StreamTest"/>
  <testcase name="isJarInputStreamReadable" time="0.0020" classname="org.apache.ace.deployment.streamgenerator.impl.StreamTest"/>
</testsuite> <!-- Default test -->
