<?xml version="1.0" encoding="UTF-8"?>
<!-- Generated by org.testng.reporters.JUnitXMLReporter -->
<testsuite hostname="Marcels-MacBook-Pro.local" name="Default test(failed)" tests="4" failures="1" timestamp="4 Jul 2012 09:32:26 GMT" time="0.042" errors="0">
  <testcase name="testNamespace10Recognized" time="0.018" classname="org.apache.ace.client.repository.helper.configuration.impl.ConfigurationHelperImplTest"/>
  <testcase name="testNamespace12Recognized" time="0.0030" classname="org.apache.ace.client.repository.helper.configuration.impl.ConfigurationHelperImplTest"/>
  <testcase name="testNamespace11Recognized" time="0.0030" classname="org.apache.ace.client.repository.helper.configuration.impl.ConfigurationHelperImplTest"/>
  <testcase name="testCanHandleCommentBeforeRoot" time="0.0020" classname="org.apache.ace.client.repository.helper.configuration.impl.ConfigurationHelperImplTest">
    <failure type="java.lang.AssertionError" message="expected object to not be null">
      <![CDATA[java.lang.AssertionError: expected object to not be null
	at org.apache.ace.client.repository.helper.configuration.impl.ConfigurationHelperImplTest.testCanHandleCommentBeforeRoot(ConfigurationHelperImplTest.java:67)
... Removed 27 stack frames]]>
    </failure>
  </testcase> <!-- testCanHandleCommentBeforeRoot -->
</testsuite> <!-- Default test(failed) -->
