<?xml version="1.0" encoding="UTF-8"?>
<!-- Generated by org.testng.reporters.JUnitXMLReporter -->
<testsuite hostname="Marcels-MacBook-Pro.local" name="Default test" tests="3" failures="0" timestamp="4 Jul 2012 12:32:59 GMT" time="0.065" errors="0">
  <testcase name="testEventConverting" time="0.027" classname="org.apache.ace.log.listener.LogTest"/>
  <testcase name="testLogCacheFlush" time="0.0010" classname="org.apache.ace.log.listener.LogTest"/>
  <testcase name="testUnsettingLog" time="0.0" classname="org.apache.ace.log.listener.LogTest"/>
</testsuite> <!-- Default test -->
