<?xml version="1.0" encoding="UTF-8"?>
<!-- Generated by org.testng.reporters.JUnitXMLReporter -->
<testsuite hostname="Marcels-MacBook-Pro.local" name="Default test" tests="2" failures="0" timestamp="4 Jul 2012 12:16:46 GMT" time="0.031" errors="0">
  <testcase name="discoverWithPropertyUpdate" time="0.014" classname="org.apache.ace.discovery.property.PropertyBasedDiscoveryTest"/>
  <testcase name="discoverWithoutPropertyUpdate" time="0.0010" classname="org.apache.ace.discovery.property.PropertyBasedDiscoveryTest"/>
</testsuite> <!-- Default test -->
